2025-11-27 11:37:27,251 | INFO     | NexusBot | ============================================================
2025-11-27 11:37:27,257 | INFO     | NexusBot | ============================================================
2025-11-27 11:37:27,961 | ERROR    | NexusBot | Error obteniendo datos de mercado: binance {"code":-2008,"msg":"Invalid Api-Key ID."}
2025-11-27 11:37:27,961 | ERROR    | NexusBot | No se pudieron obtener datos de mercado
2025-11-27 11:38:27,976 | INFO     | NexusBot | ============================================================
2025-11-27 11:38:27,980 | INFO     | NexusBot | ============================================================
2025-11-27 11:38:28,639 | ERROR    | NexusBot | Error obteniendo datos de mercado: binance {"code":-2008,"msg":"Invalid Api-Key ID."}
2025-11-27 11:38:28,639 | ERROR    | NexusBot | No se pudieron obtener datos de mercado
2025-11-27 11:39:30,066 | INFO     | NexusBot | ============================================================
2025-11-27 11:39:30,069 | INFO     | NexusBot | ============================================================
2025-11-27 11:39:30,731 | ERROR    | NexusBot | Error obteniendo datos de mercado: binance {"code":-2008,"msg":"Invalid Api-Key ID."}
2025-11-27 11:39:30,731 | ERROR    | NexusBot | No se pudieron obtener datos de mercado
2025-11-27 11:40:30,757 | INFO     | NexusBot | ============================================================
2025-11-27 11:40:30,768 | INFO     | NexusBot | ============================================================
2025-11-27 11:40:31,687 | ERROR    | NexusBot | Error obteniendo datos de mercado: binance {"code":-2008,"msg":"Invalid Api-Key ID."}
2025-11-27 11:40:31,687 | ERROR    | NexusBot | No se pudieron obtener datos de mercado
2025-11-27 11:41:31,695 | INFO     | NexusBot | ============================================================
2025-11-27 11:41:31,697 | INFO     | NexusBot | ============================================================
2025-11-27 11:41:32,604 | ERROR    | NexusBot | Error obteniendo datos de mercado: binance {"code":-2008,"msg":"Invalid Api-Key ID."}
2025-11-27 11:41:32,626 | ERROR    | NexusBot | No se pudieron obtener datos de mercado
2025-11-27 11:42:06,051 | WARNING  | NexusBot | No se encontraron usuarios con claves guardadas. El bot no operará.
2025-11-27 14:34:07,511 | INFO     | NexusBot | 🚀 NEXUS TRADING BOT INICIADO
2025-11-27 14:34:07,511 | INFO     | NexusBot | ⏰ Intervalo: 60s
2025-11-27 14:34:07,521 | INFO     | NexusBot | == Iniciando ciclo para ceo@nexus.com ==
2025-11-27 14:34:07,559 | ERROR    | NexusBot | ❌ Claves no encontradas/encriptadas en MongoDB.
2025-11-27 14:34:07,559 | INFO     | NexusBot | ⏳ Esperando 60s...
2025-11-27 14:35:07,565 | INFO     | NexusBot | == Iniciando ciclo para ceo@nexus.com ==
2025-11-27 14:35:07,604 | ERROR    | NexusBot | ❌ Claves no encontradas/encriptadas en MongoDB.
2025-11-27 14:35:07,605 | INFO     | NexusBot | ⏳ Esperando 60s...
2025-11-27 14:36:07,608 | INFO     | NexusBot | == Iniciando ciclo para ceo@nexus.com ==
2025-11-27 14:36:07,653 | ERROR    | NexusBot | ❌ Claves no encontradas/encriptadas en MongoDB.
2025-11-27 14:36:07,653 | INFO     | NexusBot | ⏳ Esperando 60s...
2025-11-27 14:37:07,657 | INFO     | NexusBot | == Iniciando ciclo para ceo@nexus.com ==
2025-11-27 14:37:07,703 | ERROR    | NexusBot | ❌ Claves no encontradas/encriptadas en MongoDB.
2025-11-27 14:37:07,705 | INFO     | NexusBot | ⏳ Esperando 60s...
2025-11-27 14:38:07,709 | INFO     | NexusBot | == Iniciando ciclo para ceo@nexus.com ==
2025-11-27 14:38:07,778 | ERROR    | NexusBot | ❌ Claves no encontradas/encriptadas en MongoDB.
2025-11-27 14:38:07,779 | INFO     | NexusBot | ⏳ Esperando 60s...
2025-11-27 14:39:07,782 | INFO     | NexusBot | == Iniciando ciclo para ceo@nexus.com ==
2025-11-27 14:39:07,825 | ERROR    | NexusBot | ❌ Claves no encontradas/encriptadas en MongoDB.
2025-11-27 14:39:07,825 | INFO     | NexusBot | ⏳ Esperando 60s...
2025-11-27 14:40:07,827 | INFO     | NexusBot | == Iniciando ciclo para ceo@nexus.com ==
2025-11-27 14:40:07,863 | ERROR    | NexusBot | ❌ Claves no encontradas/encriptadas en MongoDB.
2025-11-27 14:40:07,863 | INFO     | NexusBot | ⏳ Esperando 60s...
2025-11-27 14:41:07,870 | INFO     | NexusBot | == Iniciando ciclo para ceo@nexus.com ==
2025-11-27 14:41:07,957 | ERROR    | NexusBot | ❌ Claves no encontradas/encriptadas en MongoDB.
2025-11-27 14:41:07,957 | INFO     | NexusBot | ⏳ Esperando 60s...
2025-11-27 14:42:07,965 | INFO     | NexusBot | == Iniciando ciclo para ceo@nexus.com ==
2025-11-27 14:42:08,006 | ERROR    | NexusBot | ❌ Claves no encontradas/encriptadas en MongoDB.
2025-11-27 14:42:08,006 | INFO     | NexusBot | ⏳ Esperando 60s...
2025-11-27 14:43:08,009 | INFO     | NexusBot | == Iniciando ciclo para ceo@nexus.com ==
2025-11-27 14:43:08,077 | ERROR    | NexusBot | ❌ Claves no encontradas/encriptadas en MongoDB.
2025-11-27 14:43:08,077 | INFO     | NexusBot | ⏳ Esperando 60s...
2025-11-27 14:44:08,085 | INFO     | NexusBot | == Iniciando ciclo para ceo@nexus.com ==
2025-11-27 14:44:08,410 | ERROR    | NexusBot | ❌ Claves no encontradas/encriptadas en MongoDB.
2025-11-27 14:44:08,410 | INFO     | NexusBot | ⏳ Esperando 60s...
2025-11-27 14:45:08,415 | INFO     | NexusBot | == Iniciando ciclo para ceo@nexus.com ==
2025-11-27 14:45:08,456 | ERROR    | NexusBot | ❌ Claves no encontradas/encriptadas en MongoDB.
2025-11-27 14:45:08,456 | INFO     | NexusBot | ⏳ Esperando 60s...
2025-11-27 14:46:08,457 | INFO     | NexusBot | == Iniciando ciclo para ceo@nexus.com ==
2025-11-27 14:46:08,498 | ERROR    | NexusBot | ❌ Claves no encontradas/encriptadas en MongoDB.
2025-11-27 14:46:08,499 | INFO     | NexusBot | ⏳ Esperando 60s...
2025-11-27 14:47:08,500 | INFO     | NexusBot | == Iniciando ciclo para ceo@nexus.com ==
2025-11-27 14:47:08,554 | ERROR    | NexusBot | ❌ Claves no encontradas/encriptadas en MongoDB.
2025-11-27 14:47:08,556 | INFO     | NexusBot | ⏳ Esperando 60s...
2025-11-27 14:48:08,564 | INFO     | NexusBot | == Iniciando ciclo para ceo@nexus.com ==
2025-11-27 14:48:08,611 | ERROR    | NexusBot | ❌ Claves no encontradas/encriptadas en MongoDB.
2025-11-27 14:48:08,611 | INFO     | NexusBot | ⏳ Esperando 60s...
2025-11-27 14:49:08,618 | INFO     | NexusBot | == Iniciando ciclo para ceo@nexus.com ==
2025-11-27 14:49:08,657 | ERROR    | NexusBot | ❌ Claves no encontradas/encriptadas en MongoDB.
2025-11-27 14:49:08,657 | INFO     | NexusBot | ⏳ Esperando 60s...
2025-11-27 14:50:08,670 | INFO     | NexusBot | == Iniciando ciclo para ceo@nexus.com ==
2025-11-27 14:50:08,716 | ERROR    | NexusBot | ❌ Claves no encontradas/encriptadas en MongoDB.
2025-11-27 14:50:08,718 | INFO     | NexusBot | ⏳ Esperando 60s...
2025-11-27 14:51:08,720 | INFO     | NexusBot | == Iniciando ciclo para ceo@nexus.com ==
2025-11-27 14:51:08,764 | ERROR    | NexusBot | ❌ Claves no encontradas/encriptadas en MongoDB.
2025-11-27 14:51:08,764 | INFO     | NexusBot | ⏳ Esperando 60s...
2025-11-27 14:52:08,768 | INFO     | NexusBot | == Iniciando ciclo para ceo@nexus.com ==
2025-11-27 14:52:08,810 | ERROR    | NexusBot | ❌ Claves no encontradas/encriptadas en MongoDB.
2025-11-27 14:52:08,810 | INFO     | NexusBot | ⏳ Esperando 60s...
2025-11-27 14:53:08,817 | INFO     | NexusBot | == Iniciando ciclo para ceo@nexus.com ==
2025-11-27 14:53:08,853 | ERROR    | NexusBot | ❌ Claves no encontradas/encriptadas en MongoDB.
2025-11-27 14:53:08,853 | INFO     | NexusBot | ⏳ Esperando 60s...
2025-11-27 14:54:08,861 | INFO     | NexusBot | == Iniciando ciclo para ceo@nexus.com ==
2025-11-27 14:54:08,901 | ERROR    | NexusBot | ❌ Claves no encontradas/encriptadas en MongoDB.
2025-11-27 14:54:08,901 | INFO     | NexusBot | ⏳ Esperando 60s...
2025-11-27 14:55:08,905 | INFO     | NexusBot | == Iniciando ciclo para ceo@nexus.com ==
2025-11-27 14:55:08,956 | ERROR    | NexusBot | ❌ Claves no encontradas/encriptadas en MongoDB.
2025-11-27 14:55:08,956 | INFO     | NexusBot | ⏳ Esperando 60s...
2025-11-27 14:56:08,958 | INFO     | NexusBot | == Iniciando ciclo para ceo@nexus.com ==
2025-11-27 14:56:09,001 | ERROR    | NexusBot | ❌ Claves no encontradas/encriptadas en MongoDB.
2025-11-27 14:56:09,001 | INFO     | NexusBot | ⏳ Esperando 60s...
2025-11-27 14:57:09,006 | INFO     | NexusBot | == Iniciando ciclo para ceo@nexus.com ==
2025-11-27 14:57:09,056 | ERROR    | NexusBot | ❌ Claves no encontradas/encriptadas en MongoDB.
2025-11-27 14:57:09,056 | INFO     | NexusBot | ⏳ Esperando 60s...
2025-11-27 14:58:09,060 | INFO     | NexusBot | == Iniciando ciclo para ceo@nexus.com ==
2025-11-27 14:58:09,104 | ERROR    | NexusBot | ❌ Claves no encontradas/encriptadas en MongoDB.
2025-11-27 14:58:09,105 | INFO     | NexusBot | ⏳ Esperando 60s...
2025-11-27 14:59:09,111 | INFO     | NexusBot | == Iniciando ciclo para ceo@nexus.com ==
2025-11-27 14:59:09,152 | ERROR    | NexusBot | ❌ Claves no encontradas/encriptadas en MongoDB.
2025-11-27 14:59:09,152 | INFO     | NexusBot | ⏳ Esperando 60s...
2025-11-27 15:00:09,164 | INFO     | NexusBot | == Iniciando ciclo para ceo@nexus.com ==
2025-11-27 15:00:09,223 | ERROR    | NexusBot | ❌ Claves no encontradas/encriptadas en MongoDB.
2025-11-27 15:00:09,223 | INFO     | NexusBot | ⏳ Esperando 60s...
2025-11-27 15:01:09,232 | INFO     | NexusBot | == Iniciando ciclo para ceo@nexus.com ==
2025-11-27 15:01:09,272 | ERROR    | NexusBot | ❌ Claves no encontradas/encriptadas en MongoDB.
2025-11-27 15:01:09,272 | INFO     | NexusBot | ⏳ Esperando 60s...
2025-11-27 15:02:09,275 | INFO     | NexusBot | == Iniciando ciclo para ceo@nexus.com ==
2025-11-27 15:02:09,478 | ERROR    | NexusBot | ❌ Claves no encontradas/encriptadas en MongoDB.
2025-11-27 15:02:09,478 | INFO     | NexusBot | ⏳ Esperando 60s...
2025-11-27 15:03:09,486 | INFO     | NexusBot | == Iniciando ciclo para ceo@nexus.com ==
2025-11-27 15:03:09,527 | ERROR    | NexusBot | ❌ Claves no encontradas/encriptadas en MongoDB.
2025-11-27 15:03:09,527 | INFO     | NexusBot | ⏳ Esperando 60s...
2025-11-27 15:04:09,535 | INFO     | NexusBot | == Iniciando ciclo para ceo@nexus.com ==
2025-11-27 15:04:09,576 | ERROR    | NexusBot | ❌ Claves no encontradas/encriptadas en MongoDB.
2025-11-27 15:04:09,580 | INFO     | NexusBot | ⏳ Esperando 60s...
2025-11-27 15:05:09,586 | INFO     | NexusBot | == Iniciando ciclo para ceo@nexus.com ==
2025-11-27 15:05:09,627 | ERROR    | NexusBot | ❌ Claves no encontradas/encriptadas en MongoDB.
2025-11-27 15:05:09,627 | INFO     | NexusBot | ⏳ Esperando 60s...
2025-11-27 15:06:09,631 | INFO     | NexusBot | == Iniciando ciclo para ceo@nexus.com ==
2025-11-27 15:06:09,678 | ERROR    | NexusBot | ❌ Claves no encontradas/encriptadas en MongoDB.
2025-11-27 15:06:09,679 | INFO     | NexusBot | ⏳ Esperando 60s...
2025-11-27 15:07:09,682 | INFO     | NexusBot | == Iniciando ciclo para ceo@nexus.com ==
2025-11-27 15:07:09,722 | ERROR    | NexusBot | ❌ Claves no encontradas/encriptadas en MongoDB.
2025-11-27 15:07:09,722 | INFO     | NexusBot | ⏳ Esperando 60s...
2025-11-27 15:08:09,733 | INFO     | NexusBot | == Iniciando ciclo para ceo@nexus.com ==
2025-11-27 15:08:09,775 | ERROR    | NexusBot | ❌ Claves no encontradas/encriptadas en MongoDB.
2025-11-27 15:08:09,775 | INFO     | NexusBot | ⏳ Esperando 60s...
2025-11-27 15:09:09,782 | INFO     | NexusBot | == Iniciando ciclo para ceo@nexus.com ==
2025-11-27 15:09:09,823 | ERROR    | NexusBot | ❌ Claves no encontradas/encriptadas en MongoDB.
2025-11-27 15:09:09,823 | INFO     | NexusBot | ⏳ Esperando 60s...
2025-11-27 15:10:09,827 | INFO     | NexusBot | == Iniciando ciclo para ceo@nexus.com ==
2025-11-27 15:10:09,860 | ERROR    | NexusBot | ❌ Claves no encontradas/encriptadas en MongoDB.
2025-11-27 15:10:09,860 | INFO     | NexusBot | ⏳ Esperando 60s...
2025-11-27 15:11:09,871 | INFO     | NexusBot | == Iniciando ciclo para ceo@nexus.com ==
2025-11-27 15:11:09,922 | ERROR    | NexusBot | ❌ Claves no encontradas/encriptadas en MongoDB.
2025-11-27 15:11:09,922 | INFO     | NexusBot | ⏳ Esperando 60s...
2025-11-27 15:12:09,931 | INFO     | NexusBot | == Iniciando ciclo para ceo@nexus.com ==
2025-11-27 15:12:09,970 | ERROR    | NexusBot | ❌ Claves no encontradas/encriptadas en MongoDB.
2025-11-27 15:12:09,970 | INFO     | NexusBot | ⏳ Esperando 60s...
2025-11-27 15:13:09,983 | INFO     | NexusBot | == Iniciando ciclo para ceo@nexus.com ==
2025-11-27 15:13:10,021 | ERROR    | NexusBot | ❌ Claves no encontradas/encriptadas en MongoDB.
2025-11-27 15:13:10,021 | INFO     | NexusBot | ⏳ Esperando 60s...
2025-11-27 15:14:10,031 | INFO     | NexusBot | == Iniciando ciclo para ceo@nexus.com ==
2025-11-27 15:14:10,070 | ERROR    | NexusBot | ❌ Claves no encontradas/encriptadas en MongoDB.
2025-11-27 15:14:10,070 | INFO     | NexusBot | ⏳ Esperando 60s...
2025-11-27 15:15:10,082 | INFO     | NexusBot | == Iniciando ciclo para ceo@nexus.com ==
2025-11-27 15:15:10,121 | ERROR    | NexusBot | ❌ Claves no encontradas/encriptadas en MongoDB.
2025-11-27 15:15:10,121 | INFO     | NexusBot | ⏳ Esperando 60s...
2025-11-27 15:16:10,129 | INFO     | NexusBot | == Iniciando ciclo para ceo@nexus.com ==
2025-11-27 15:16:10,171 | ERROR    | NexusBot | ❌ Claves no encontradas/encriptadas en MongoDB.
2025-11-27 15:16:10,171 | INFO     | NexusBot | ⏳ Esperando 60s...
2025-11-27 15:17:10,174 | INFO     | NexusBot | == Iniciando ciclo para ceo@nexus.com ==
2025-11-27 15:17:10,215 | ERROR    | NexusBot | ❌ Claves no encontradas/encriptadas en MongoDB.
2025-11-27 15:17:10,215 | INFO     | NexusBot | ⏳ Esperando 60s...
2025-11-27 15:18:10,218 | INFO     | NexusBot | == Iniciando ciclo para ceo@nexus.com ==
2025-11-27 15:18:10,258 | ERROR    | NexusBot | ❌ Claves no encontradas/encriptadas en MongoDB.
2025-11-27 15:18:10,258 | INFO     | NexusBot | ⏳ Esperando 60s...
2025-11-27 15:19:10,263 | INFO     | NexusBot | == Iniciando ciclo para ceo@nexus.com ==
2025-11-27 15:19:10,299 | ERROR    | NexusBot | ❌ Claves no encontradas/encriptadas en MongoDB.
2025-11-27 15:19:10,299 | INFO     | NexusBot | ⏳ Esperando 60s...
2025-11-27 15:20:10,306 | INFO     | NexusBot | == Iniciando ciclo para ceo@nexus.com ==
2025-11-27 15:20:10,348 | ERROR    | NexusBot | ❌ Claves no encontradas/encriptadas en MongoDB.
2025-11-27 15:20:10,348 | INFO     | NexusBot | ⏳ Esperando 60s...
2025-11-27 15:21:10,354 | INFO     | NexusBot | == Iniciando ciclo para ceo@nexus.com ==
2025-11-27 15:21:10,393 | ERROR    | NexusBot | ❌ Claves no encontradas/encriptadas en MongoDB.
2025-11-27 15:21:10,393 | INFO     | NexusBot | ⏳ Esperando 60s...
2025-11-27 15:22:10,397 | INFO     | NexusBot | == Iniciando ciclo para ceo@nexus.com ==
2025-11-27 15:22:10,424 | ERROR    | NexusBot | ❌ Claves no encontradas/encriptadas en MongoDB.
2025-11-27 15:22:10,424 | INFO     | NexusBot | ⏳ Esperando 60s...
2025-11-27 15:23:10,440 | INFO     | NexusBot | == Iniciando ciclo para ceo@nexus.com ==
2025-11-27 15:23:10,479 | ERROR    | NexusBot | ❌ Claves no encontradas/encriptadas en MongoDB.
2025-11-27 15:23:10,479 | INFO     | NexusBot | ⏳ Esperando 60s...
2025-11-27 15:24:10,485 | INFO     | NexusBot | == Iniciando ciclo para ceo@nexus.com ==
2025-11-27 15:24:10,525 | ERROR    | NexusBot | ❌ Claves no encontradas/encriptadas en MongoDB.
2025-11-27 15:24:10,526 | INFO     | NexusBot | ⏳ Esperando 60s...
2025-11-27 15:25:10,529 | INFO     | NexusBot | == Iniciando ciclo para ceo@nexus.com ==
2025-11-27 15:25:10,575 | ERROR    | NexusBot | ❌ Claves no encontradas/encriptadas en MongoDB.
2025-11-27 15:25:10,575 | INFO     | NexusBot | ⏳ Esperando 60s...
2025-11-27 15:26:10,588 | INFO     | NexusBot | == Iniciando ciclo para ceo@nexus.com ==
2025-11-27 15:26:10,633 | ERROR    | NexusBot | ❌ Claves no encontradas/encriptadas en MongoDB.
2025-11-27 15:26:10,633 | INFO     | NexusBot | ⏳ Esperando 60s...
2025-11-27 15:27:10,651 | INFO     | NexusBot | == Iniciando ciclo para ceo@nexus.com ==
2025-11-27 15:27:10,709 | ERROR    | NexusBot | ❌ Claves no encontradas/encriptadas en MongoDB.
2025-11-27 15:27:10,711 | INFO     | NexusBot | ⏳ Esperando 60s...
2025-11-27 15:28:10,713 | INFO     | NexusBot | == Iniciando ciclo para ceo@nexus.com ==
2025-11-27 15:28:10,764 | ERROR    | NexusBot | ❌ Claves no encontradas/encriptadas en MongoDB.
2025-11-27 15:28:10,764 | INFO     | NexusBot | ⏳ Esperando 60s...
2025-11-27 15:29:10,772 | INFO     | NexusBot | == Iniciando ciclo para ceo@nexus.com ==
2025-11-27 15:29:10,799 | ERROR    | NexusBot | ❌ Claves no encontradas/encriptadas en MongoDB.
2025-11-27 15:29:10,799 | INFO     | NexusBot | ⏳ Esperando 60s...
2025-11-27 15:30:10,815 | INFO     | NexusBot | == Iniciando ciclo para ceo@nexus.com ==
2025-11-27 15:30:10,849 | ERROR    | NexusBot | ❌ Claves no encontradas/encriptadas en MongoDB.
2025-11-27 15:30:10,849 | INFO     | NexusBot | ⏳ Esperando 60s...
2025-11-27 15:31:10,856 | INFO     | NexusBot | == Iniciando ciclo para ceo@nexus.com ==
2025-11-27 15:31:10,898 | ERROR    | NexusBot | ❌ Claves no encontradas/encriptadas en MongoDB.
2025-11-27 15:31:10,898 | INFO     | NexusBot | ⏳ Esperando 60s...
2025-11-27 15:32:10,902 | INFO     | NexusBot | == Iniciando ciclo para ceo@nexus.com ==
2025-11-27 15:32:10,934 | ERROR    | NexusBot | ❌ Claves no encontradas/encriptadas en MongoDB.
2025-11-27 15:32:10,944 | INFO     | NexusBot | ⏳ Esperando 60s...
2025-11-27 15:33:10,952 | INFO     | NexusBot | == Iniciando ciclo para ceo@nexus.com ==
2025-11-27 15:33:10,981 | ERROR    | NexusBot | ❌ Claves no encontradas/encriptadas en MongoDB.
2025-11-27 15:33:10,981 | INFO     | NexusBot | ⏳ Esperando 60s...
2025-11-27 15:34:10,998 | INFO     | NexusBot | == Iniciando ciclo para ceo@nexus.com ==
2025-11-27 15:34:11,048 | ERROR    | NexusBot | ❌ Claves no encontradas/encriptadas en MongoDB.
2025-11-27 15:34:11,048 | INFO     | NexusBot | ⏳ Esperando 60s...
2025-11-27 15:35:11,059 | INFO     | NexusBot | == Iniciando ciclo para ceo@nexus.com ==
2025-11-27 15:35:11,089 | ERROR    | NexusBot | ❌ Claves no encontradas/encriptadas en MongoDB.
2025-11-27 15:35:11,089 | INFO     | NexusBot | ⏳ Esperando 60s...
2025-11-27 15:36:11,112 | INFO     | NexusBot | == Iniciando ciclo para ceo@nexus.com ==
2025-11-27 15:36:11,153 | ERROR    | NexusBot | ❌ Claves no encontradas/encriptadas en MongoDB.
2025-11-27 15:36:11,153 | INFO     | NexusBot | ⏳ Esperando 60s...
2025-11-27 15:37:08,569 | INFO     | NexusBot | Deteniendo bot por interrupción del usuario
2025-11-27 15:38:04,434 | INFO     | NexusBot | 🚀 NEXUS TRADING BOT INICIADO
2025-11-27 15:38:04,434 | INFO     | NexusBot | ⏰ Intervalo: 60s
2025-11-27 15:38:04,434 | INFO     | NexusBot | == Iniciando ciclo para ceo@nexus.com ==
2025-11-27 15:38:04,467 | ERROR    | NexusBot | ❌ Claves no encontradas/encriptadas en MongoDB.
2025-11-27 15:38:04,467 | INFO     | NexusBot | ⏳ Esperando 60s...
2025-11-27 15:39:04,481 | INFO     | NexusBot | == Iniciando ciclo para ceo@nexus.com ==
2025-11-27 15:39:04,583 | ERROR    | NexusBot | ❌ Claves no encontradas/encriptadas en MongoDB.
2025-11-27 15:39:04,583 | INFO     | NexusBot | ⏳ Esperando 60s...
2025-11-27 15:40:04,599 | INFO     | NexusBot | == Iniciando ciclo para ceo@nexus.com ==
2025-11-27 15:40:04,638 | ERROR    | NexusBot | ❌ Claves no encontradas/encriptadas en MongoDB.
2025-11-27 15:40:04,640 | INFO     | NexusBot | ⏳ Esperando 60s...
2025-11-27 15:41:04,643 | INFO     | NexusBot | == Iniciando ciclo para ceo@nexus.com ==
2025-11-27 15:41:04,690 | ERROR    | NexusBot | ❌ Claves no encontradas/encriptadas en MongoDB.
2025-11-27 15:41:04,690 | INFO     | NexusBot | ⏳ Esperando 60s...
2025-11-27 15:42:04,696 | INFO     | NexusBot | == Iniciando ciclo para ceo@nexus.com ==
2025-11-27 15:42:04,731 | ERROR    | NexusBot | ❌ Claves no encontradas/encriptadas en MongoDB.
2025-11-27 15:42:04,731 | INFO     | NexusBot | ⏳ Esperando 60s...
2025-11-27 15:43:04,742 | INFO     | NexusBot | == Iniciando ciclo para ceo@nexus.com ==
2025-11-27 15:43:04,784 | ERROR    | NexusBot | ❌ Claves no encontradas/encriptadas en MongoDB.
2025-11-27 15:43:04,786 | INFO     | NexusBot | ⏳ Esperando 60s...
2025-11-27 15:44:04,788 | INFO     | NexusBot | == Iniciando ciclo para ceo@nexus.com ==
2025-11-27 15:44:04,830 | ERROR    | NexusBot | ❌ Claves no encontradas/encriptadas en MongoDB.
2025-11-27 15:44:04,831 | INFO     | NexusBot | ⏳ Esperando 60s...
2025-11-27 15:45:04,834 | INFO     | NexusBot | == Iniciando ciclo para ceo@nexus.com ==
2025-11-27 15:45:04,915 | ERROR    | NexusBot | ❌ Claves no encontradas/encriptadas en MongoDB.
2025-11-27 15:45:04,915 | INFO     | NexusBot | ⏳ Esperando 60s...
2025-11-27 15:46:04,933 | INFO     | NexusBot | == Iniciando ciclo para ceo@nexus.com ==
2025-11-27 15:46:05,000 | ERROR    | NexusBot | ❌ Claves no encontradas/encriptadas en MongoDB.
2025-11-27 15:46:05,001 | INFO     | NexusBot | ⏳ Esperando 60s...
2025-11-27 15:47:05,004 | INFO     | NexusBot | == Iniciando ciclo para ceo@nexus.com ==
2025-11-27 15:47:05,079 | ERROR    | NexusBot | ❌ Claves no encontradas/encriptadas en MongoDB.
2025-11-27 15:47:05,080 | INFO     | NexusBot | ⏳ Esperando 60s...
2025-11-27 15:48:05,084 | INFO     | NexusBot | == Iniciando ciclo para ceo@nexus.com ==
2025-11-27 15:48:05,118 | ERROR    | NexusBot | ❌ Claves no encontradas/encriptadas en MongoDB.
2025-11-27 15:48:05,118 | INFO     | NexusBot | ⏳ Esperando 60s...
2025-11-27 15:48:14,714 | INFO     | NexusBot | Deteniendo bot por interrupción del usuario
2025-11-27 15:48:19,141 | INFO     | NexusBot | 🚀 NEXUS TRADING BOT INICIADO
2025-11-27 15:48:19,141 | INFO     | NexusBot | ⏰ Intervalo: 60s
2025-11-27 15:48:19,155 | INFO     | NexusBot | == Iniciando ciclo para ceo@nexus.com ==
2025-11-27 15:48:19,193 | ERROR    | NexusBot | ❌ Claves no encontradas/encriptadas en MongoDB.
2025-11-27 15:48:19,193 | INFO     | NexusBot | ⏳ Esperando 60s...
2025-11-27 15:49:19,201 | INFO     | NexusBot | == Iniciando ciclo para ceo@nexus.com ==
2025-11-27 15:49:19,241 | ERROR    | NexusBot | ❌ Claves no encontradas/encriptadas en MongoDB.
2025-11-27 15:49:19,241 | INFO     | NexusBot | ⏳ Esperando 60s...
2025-11-27 15:50:19,255 | INFO     | NexusBot | == Iniciando ciclo para ceo@nexus.com ==
2025-11-27 15:50:19,297 | ERROR    | NexusBot | ❌ Claves no encontradas/encriptadas en MongoDB.
2025-11-27 15:50:19,297 | INFO     | NexusBot | ⏳ Esperando 60s...
2025-11-27 15:51:19,301 | INFO     | NexusBot | == Iniciando ciclo para ceo@nexus.com ==
2025-11-27 15:51:19,342 | ERROR    | NexusBot | ❌ Claves no encontradas/encriptadas en MongoDB.
2025-11-27 15:51:19,343 | INFO     | NexusBot | ⏳ Esperando 60s...
2025-11-27 15:52:19,346 | INFO     | NexusBot | == Iniciando ciclo para ceo@nexus.com ==
2025-11-27 15:52:19,390 | ERROR    | NexusBot | ❌ Claves no encontradas/encriptadas en MongoDB.
2025-11-27 15:52:19,390 | INFO     | NexusBot | ⏳ Esperando 60s...
2025-11-27 15:53:19,398 | INFO     | NexusBot | == Iniciando ciclo para ceo@nexus.com ==
2025-11-27 15:53:19,439 | ERROR    | NexusBot | ❌ Claves no encontradas/encriptadas en MongoDB.
2025-11-27 15:53:19,439 | INFO     | NexusBot | ⏳ Esperando 60s...
2025-11-27 15:54:19,443 | INFO     | NexusBot | == Iniciando ciclo para ceo@nexus.com ==
2025-11-27 15:54:19,485 | ERROR    | NexusBot | ❌ Claves no encontradas/encriptadas en MongoDB.
2025-11-27 15:54:19,485 | INFO     | NexusBot | ⏳ Esperando 60s...
2025-11-27 15:55:19,490 | INFO     | NexusBot | == Iniciando ciclo para ceo@nexus.com ==
2025-11-27 15:55:19,617 | ERROR    | NexusBot | ❌ Claves no encontradas/encriptadas en MongoDB.
2025-11-27 15:55:19,626 | INFO     | NexusBot | ⏳ Esperando 60s...
2025-11-27 15:56:19,633 | INFO     | NexusBot | == Iniciando ciclo para ceo@nexus.com ==
2025-11-27 15:56:19,718 | ERROR    | NexusBot | ❌ Claves no encontradas/encriptadas en MongoDB.
2025-11-27 15:56:19,718 | INFO     | NexusBot | ⏳ Esperando 60s...
2025-11-27 15:57:19,722 | INFO     | NexusBot | == Iniciando ciclo para ceo@nexus.com ==
2025-11-27 15:57:19,764 | ERROR    | NexusBot | ❌ Claves no encontradas/encriptadas en MongoDB.
2025-11-27 15:57:19,764 | INFO     | NexusBot | ⏳ Esperando 60s...
2025-11-27 15:58:19,767 | INFO     | NexusBot | == Iniciando ciclo para ceo@nexus.com ==
2025-11-27 15:58:19,808 | ERROR    | NexusBot | ❌ Claves no encontradas/encriptadas en MongoDB.
2025-11-27 15:58:19,808 | INFO     | NexusBot | ⏳ Esperando 60s...
2025-11-27 15:59:19,814 | INFO     | NexusBot | == Iniciando ciclo para ceo@nexus.com ==
2025-11-27 15:59:19,858 | ERROR    | NexusBot | ❌ Claves no encontradas/encriptadas en MongoDB.
2025-11-27 15:59:19,858 | INFO     | NexusBot | ⏳ Esperando 60s...
2025-11-27 16:00:19,865 | INFO     | NexusBot | == Iniciando ciclo para ceo@nexus.com ==
2025-11-27 16:00:19,908 | ERROR    | NexusBot | ❌ Claves no encontradas/encriptadas en MongoDB.
2025-11-27 16:00:19,908 | INFO     | NexusBot | ⏳ Esperando 60s...
2025-11-27 16:01:19,910 | INFO     | NexusBot | == Iniciando ciclo para ceo@nexus.com ==
2025-11-27 16:01:19,951 | ERROR    | NexusBot | ❌ Claves no encontradas/encriptadas en MongoDB.
2025-11-27 16:01:19,952 | INFO     | NexusBot | ⏳ Esperando 60s...
2025-11-27 16:02:19,955 | INFO     | NexusBot | == Iniciando ciclo para ceo@nexus.com ==
2025-11-27 16:02:19,998 | ERROR    | NexusBot | ❌ Claves no encontradas/encriptadas en MongoDB.
2025-11-27 16:02:19,999 | INFO     | NexusBot | ⏳ Esperando 60s...
2025-11-27 16:03:20,006 | INFO     | NexusBot | == Iniciando ciclo para ceo@nexus.com ==
2025-11-27 16:03:20,053 | ERROR    | NexusBot | ❌ Claves no encontradas/encriptadas en MongoDB.
2025-11-27 16:03:20,054 | INFO     | NexusBot | ⏳ Esperando 60s...
2025-11-27 16:04:20,060 | INFO     | NexusBot | == Iniciando ciclo para ceo@nexus.com ==
2025-11-27 16:04:20,282 | ERROR    | NexusBot | ❌ Claves no encontradas/encriptadas en MongoDB.
2025-11-27 16:04:20,282 | INFO     | NexusBot | ⏳ Esperando 60s...
2025-11-27 16:05:20,292 | INFO     | NexusBot | == Iniciando ciclo para ceo@nexus.com ==
2025-11-27 16:05:20,334 | ERROR    | NexusBot | ❌ Claves no encontradas/encriptadas en MongoDB.
2025-11-27 16:05:20,335 | INFO     | NexusBot | ⏳ Esperando 60s...
2025-11-27 16:06:20,337 | INFO     | NexusBot | == Iniciando ciclo para ceo@nexus.com ==
2025-11-27 16:06:20,448 | ERROR    | NexusBot | ❌ Claves no encontradas/encriptadas en MongoDB.
2025-11-27 16:06:20,449 | INFO     | NexusBot | ⏳ Esperando 60s...
2025-11-27 16:07:20,451 | INFO     | NexusBot | == Iniciando ciclo para ceo@nexus.com ==
2025-11-27 16:07:20,495 | ERROR    | NexusBot | ❌ Claves no encontradas/encriptadas en MongoDB.
2025-11-27 16:07:20,497 | INFO     | NexusBot | ⏳ Esperando 60s...
2025-11-27 16:08:20,505 | INFO     | NexusBot | == Iniciando ciclo para ceo@nexus.com ==
2025-11-27 16:08:20,584 | ERROR    | NexusBot | ❌ Claves no encontradas/encriptadas en MongoDB.
2025-11-27 16:08:20,596 | INFO     | NexusBot | ⏳ Esperando 60s...
2025-11-27 16:09:20,605 | INFO     | NexusBot | == Iniciando ciclo para ceo@nexus.com ==
2025-11-27 16:09:20,648 | ERROR    | NexusBot | ❌ Claves no encontradas/encriptadas en MongoDB.
2025-11-27 16:09:20,648 | INFO     | NexusBot | ⏳ Esperando 60s...
2025-11-27 16:10:20,658 | INFO     | NexusBot | == Iniciando ciclo para ceo@nexus.com ==
2025-11-27 16:10:20,698 | ERROR    | NexusBot | ❌ Claves no encontradas/encriptadas en MongoDB.
2025-11-27 16:10:20,698 | INFO     | NexusBot | ⏳ Esperando 60s...
2025-11-27 16:11:20,711 | INFO     | NexusBot | == Iniciando ciclo para ceo@nexus.com ==
2025-11-27 16:11:20,745 | ERROR    | NexusBot | ❌ Claves no encontradas/encriptadas en MongoDB.
2025-11-27 16:11:20,745 | INFO     | NexusBot | ⏳ Esperando 60s...
2025-11-27 16:12:20,757 | INFO     | NexusBot | == Iniciando ciclo para ceo@nexus.com ==
2025-11-27 16:12:20,829 | ERROR    | NexusBot | ❌ Claves no encontradas/encriptadas en MongoDB.
2025-11-27 16:12:20,829 | INFO     | NexusBot | ⏳ Esperando 60s...
2025-11-27 16:13:20,839 | INFO     | NexusBot | == Iniciando ciclo para ceo@nexus.com ==
2025-11-27 16:13:20,945 | INFO     | NexusBot | 🧪 Modo TESTNET de ejecución activado
2025-11-27 16:13:25,557 | INFO     | NexusBot | 📊 RSI: 26.30 | Precio: 3,960.00
2025-11-27 16:14:07,053 | INFO     | NexusBot | 🚀 NEXUS TRADING BOT INICIADO
2025-11-27 16:14:07,053 | INFO     | NexusBot | ⏰ Intervalo: 60s
2025-11-27 16:14:07,059 | INFO     | NexusBot | == Iniciando ciclo para ceo@nexus.com ==
2025-11-27 16:14:07,102 | INFO     | NexusBot | 🧪 Modo TESTNET de ejecución activado
2025-11-27 16:14:11,100 | INFO     | NexusBot | 📊 RSI: 26.30 | Precio: 3,960.00
2025-11-27 16:18:50,119 | INFO     | NexusBot | 🚀 NEXUS TRADING BOT INICIADO
2025-11-27 16:18:50,122 | INFO     | NexusBot | ⏰ Intervalo: 60s
2025-11-27 16:18:50,125 | INFO     | NexusBot | 📈 Timeframe: 5m
2025-11-27 16:18:50,195 | INFO     | NexusBot | ============================================================
2025-11-27 16:18:50,195 | INFO     | NexusBot | 🔄 Ciclo de trading para ceo@nexus.com
2025-11-27 16:18:50,195 | INFO     | NexusBot | ============================================================
2025-11-27 16:18:54,330 | ERROR    | NexusBot | ❌ Error en ciclo de trading: 'BotConfig' object has no attribute 'rsi_oversold'
Traceback (most recent call last):
  File "C:\Users\kamal\NEXUSAITRADING\bot_executor.py", line 217, in execute_trading_cycle
    trade_signal = self.ai_analyzer.analyze_market(market_data)
                   ^^^^^^^^^^^^^^^^^^^^^^^^^^^^^^^^^^^^^^^^^^^^
  File "C:\Users\kamal\NEXUSAITRADING\bot_executor.py", line 106, in analyze_market
    if market_data.rsi < self.config.rsi_oversold:
                         ^^^^^^^^^^^^^^^^^^^^^^^^
AttributeError: 'BotConfig' object has no attribute 'rsi_oversold'
2025-11-27 16:18:54,330 | INFO     | NexusBot | ⏳ Esperando 60s hasta próximo ciclo...
2025-11-27 16:19:54,385 | INFO     | NexusBot | ============================================================
2025-11-27 16:19:54,386 | INFO     | NexusBot | 🔄 Ciclo de trading para ceo@nexus.com
2025-11-27 16:19:54,388 | INFO     | NexusBot | ============================================================
2025-11-27 16:19:54,661 | ERROR    | NexusBot | ❌ Error en ciclo de trading: 'BotConfig' object has no attribute 'rsi_oversold'
Traceback (most recent call last):
  File "C:\Users\kamal\NEXUSAITRADING\bot_executor.py", line 217, in execute_trading_cycle
    trade_signal = self.ai_analyzer.analyze_market(market_data)
                   ^^^^^^^^^^^^^^^^^^^^^^^^^^^^^^^^^^^^^^^^^^^^
  File "C:\Users\kamal\NEXUSAITRADING\bot_executor.py", line 106, in analyze_market
    if market_data.rsi < self.config.rsi_oversold:
                         ^^^^^^^^^^^^^^^^^^^^^^^^
AttributeError: 'BotConfig' object has no attribute 'rsi_oversold'
2025-11-27 16:19:54,667 | INFO     | NexusBot | ⏳ Esperando 60s hasta próximo ciclo...
2025-11-27 16:20:13,830 | INFO     | NexusBot | ⛔ Deteniendo bot...
2025-11-27 16:20:18,318 | INFO     | NexusBot | 🚀 NEXUS TRADING BOT INICIADO
2025-11-27 16:20:18,318 | INFO     | NexusBot | ⏰ Intervalo: 60s
2025-11-27 16:20:18,318 | INFO     | NexusBot | 📈 Timeframe: 5m
2025-11-27 16:20:18,371 | INFO     | NexusBot | ============================================================
2025-11-27 16:20:18,373 | INFO     | NexusBot | 🔄 Ciclo de trading para ceo@nexus.com
2025-11-27 16:20:18,373 | INFO     | NexusBot | ============================================================
2025-11-27 16:20:22,579 | ERROR    | NexusBot | ❌ Error en ciclo de trading: 'BotConfig' object has no attribute 'rsi_oversold'
Traceback (most recent call last):
  File "C:\Users\kamal\NEXUSAITRADING\bot_executor.py", line 237, in execute_trading_cycle
    trade_signal = self.ai_analyzer.analyze_market(market_data)
                   ^^^^^^^^^^^^^^^^^^^^^^^^^^^^^^^^^^^^^^^^^^^^
  File "C:\Users\kamal\NEXUSAITRADING\bot_executor.py", line 126, in analyze_market
    if market_data.rsi < self.config.rsi_oversold:
                         ^^^^^^^^^^^^^^^^^^^^^^^^
AttributeError: 'BotConfig' object has no attribute 'rsi_oversold'
2025-11-27 16:20:22,579 | INFO     | NexusBot | ⏳ Esperando 60s hasta próximo ciclo...
2025-11-27 16:21:22,647 | INFO     | NexusBot | ============================================================
2025-11-27 16:21:22,647 | INFO     | NexusBot | 🔄 Ciclo de trading para ceo@nexus.com
2025-11-27 16:21:22,647 | INFO     | NexusBot | ============================================================
2025-11-27 16:21:22,942 | ERROR    | NexusBot | ❌ Error en ciclo de trading: 'BotConfig' object has no attribute 'rsi_oversold'
Traceback (most recent call last):
  File "C:\Users\kamal\NEXUSAITRADING\bot_executor.py", line 237, in execute_trading_cycle
    trade_signal = self.ai_analyzer.analyze_market(market_data)
                   ^^^^^^^^^^^^^^^^^^^^^^^^^^^^^^^^^^^^^^^^^^^^
  File "C:\Users\kamal\NEXUSAITRADING\bot_executor.py", line 126, in analyze_market
    if market_data.rsi < self.config.rsi_oversold:
                         ^^^^^^^^^^^^^^^^^^^^^^^^
AttributeError: 'BotConfig' object has no attribute 'rsi_oversold'
2025-11-27 16:21:22,942 | INFO     | NexusBot | ⏳ Esperando 60s hasta próximo ciclo...
2025-11-27 16:22:22,989 | INFO     | NexusBot | ============================================================
2025-11-27 16:22:22,989 | INFO     | NexusBot | 🔄 Ciclo de trading para ceo@nexus.com
2025-11-27 16:22:22,989 | INFO     | NexusBot | ============================================================
2025-11-27 16:22:23,286 | ERROR    | NexusBot | ❌ Error en ciclo de trading: 'BotConfig' object has no attribute 'rsi_oversold'
Traceback (most recent call last):
  File "C:\Users\kamal\NEXUSAITRADING\bot_executor.py", line 237, in execute_trading_cycle
    logger.info(f"{'='*60}")
                       ^^^^^^
  File "C:\Users\kamal\NEXUSAITRADING\bot_executor.py", line 126, in analyze_market
    if market_data.rsi < self.config.rsi_oversold:
                         ^^^^^^^^^^^^^^^^^^^^^^^^
AttributeError: 'BotConfig' object has no attribute 'rsi_oversold'
2025-11-27 16:22:23,304 | INFO     | NexusBot | ⏳ Esperando 60s hasta próximo ciclo...
2025-11-27 16:22:34,849 | INFO     | NexusBot | ⛔ Deteniendo bot...
2025-11-27 16:22:39,374 | INFO     | NexusBot | 🚀 NEXUS TRADING BOT INICIADO
2025-11-27 16:22:39,374 | INFO     | NexusBot | ⏰ Intervalo: 60s
2025-11-27 16:22:39,392 | INFO     | NexusBot | 📈 Timeframe: 5m
2025-11-27 16:22:39,434 | INFO     | NexusBot | ============================================================
2025-11-27 16:22:39,437 | INFO     | NexusBot | 🔄 Ciclo de trading para ceo@nexus.com
2025-11-27 16:22:39,437 | INFO     | NexusBot | ============================================================
2025-11-27 16:22:43,395 | ERROR    | NexusBot | ❌ Error en ciclo de trading: 'BotConfig' object has no attribute 'rsi_oversold'
Traceback (most recent call last):
  File "C:\Users\kamal\NEXUSAITRADING\bot_executor.py", line 247, in execute_trading_cycle
    trade_signal = self.ai_analyzer.analyze_market(market_data)
                   ^^^^^^^^^^^^^^^^^^^^^^^^^^^^^^^^^^^^^^^^^^^^
  File "C:\Users\kamal\NEXUSAITRADING\bot_executor.py", line 126, in analyze_market
    if market_data.rsi < self.config.rsi_oversold:
                         ^^^^^^^^^^^^^^^^^^^^^^^^
AttributeError: 'BotConfig' object has no attribute 'rsi_oversold'
2025-11-27 16:22:43,395 | INFO     | NexusBot | ⏳ Esperando 60s hasta próximo ciclo...
2025-11-27 16:23:43,448 | INFO     | NexusBot | ============================================================
2025-11-27 16:23:43,449 | INFO     | NexusBot | 🔄 Ciclo de trading para ceo@nexus.com
2025-11-27 16:23:43,449 | INFO     | NexusBot | ============================================================
2025-11-27 16:23:43,730 | ERROR    | NexusBot | ❌ Error en ciclo de trading: 'BotConfig' object has no attribute 'rsi_oversold'
Traceback (most recent call last):
  File "C:\Users\kamal\NEXUSAITRADING\bot_executor.py", line 247, in execute_trading_cycle
    trade_signal = self.ai_analyzer.analyze_market(market_data)
                   ^^^^^^^^^^^^^^^^^^^^^^^^^^^^^^^^^^^^^^^^^^^^
  File "C:\Users\kamal\NEXUSAITRADING\bot_executor.py", line 126, in analyze_market
    if market_data.rsi < self.config.rsi_oversold:
                         ^^^^^^^^^^^^^^^^^^^^^^^^
AttributeError: 'BotConfig' object has no attribute 'rsi_oversold'
2025-11-27 16:23:43,732 | INFO     | NexusBot | ⏳ Esperando 60s hasta próximo ciclo...
2025-11-27 16:24:35,682 | INFO     | NexusBot | ⛔ Deteniendo bot...
2025-11-27 16:24:39,895 | INFO     | NexusBot | 🚀 NEXUS TRADING BOT INICIADO
2025-11-27 16:24:39,895 | INFO     | NexusBot | ⏰ Intervalo: 60s
2025-11-27 16:24:39,897 | INFO     | NexusBot | 📈 Timeframe: 5m
2025-11-27 16:24:39,934 | ERROR    | NexusBot | Error crítico en loop: NexusTradingBot.execute_trading_cycle() takes from 2 to 3 positional arguments but 4 were given
Traceback (most recent call last):
  File "C:\Users\kamal\NEXUSAITRADING\bot_executor.py", line 266, in start
    self.execute_trading_cycle(
TypeError: NexusTradingBot.execute_trading_cycle() takes from 2 to 3 positional arguments but 4 were given
2025-11-27 16:24:49,977 | ERROR    | NexusBot | Error crítico en loop: NexusTradingBot.execute_trading_cycle() takes from 2 to 3 positional arguments but 4 were given
Traceback (most recent call last):
  File "C:\Users\kamal\NEXUSAITRADING\bot_executor.py", line 266, in start
    self.execute_trading_cycle(
TypeError: NexusTradingBot.execute_trading_cycle() takes from 2 to 3 positional arguments but 4 were given
2025-11-27 16:25:00,015 | ERROR    | NexusBot | Error crítico en loop: NexusTradingBot.execute_trading_cycle() takes from 2 to 3 positional arguments but 4 were given
Traceback (most recent call last):
  File "C:\Users\kamal\NEXUSAITRADING\bot_executor.py", line 266, in start
    self.execute_trading_cycle(
TypeError: NexusTradingBot.execute_trading_cycle() takes from 2 to 3 positional arguments but 4 were given
2025-11-27 16:25:10,048 | ERROR    | NexusBot | Error crítico en loop: NexusTradingBot.execute_trading_cycle() takes from 2 to 3 positional arguments but 4 were given
Traceback (most recent call last):
  File "C:\Users\kamal\NEXUSAITRADING\bot_executor.py", line 266, in start
    self.execute_trading_cycle(
TypeError: NexusTradingBot.execute_trading_cycle() takes from 2 to 3 positional arguments but 4 were given
2025-11-27 16:25:20,088 | ERROR    | NexusBot | Error crítico en loop: NexusTradingBot.execute_trading_cycle() takes from 2 to 3 positional arguments but 4 were given
Traceback (most recent call last):
  File "C:\Users\kamal\NEXUSAITRADING\bot_executor.py", line 266, in start
    self.execute_trading_cycle(
TypeError: NexusTradingBot.execute_trading_cycle() takes from 2 to 3 positional arguments but 4 were given
2025-11-27 16:25:30,121 | ERROR    | NexusBot | Error crítico en loop: NexusTradingBot.execute_trading_cycle() takes from 2 to 3 positional arguments but 4 were given
Traceback (most recent call last):
  File "C:\Users\kamal\NEXUSAITRADING\bot_executor.py", line 266, in start
    self.execute_trading_cycle(
TypeError: NexusTradingBot.execute_trading_cycle() takes from 2 to 3 positional arguments but 4 were given
2025-11-27 16:25:40,155 | ERROR    | NexusBot | Error crítico en loop: NexusTradingBot.execute_trading_cycle() takes from 2 to 3 positional arguments but 4 were given
Traceback (most recent call last):
  File "C:\Users\kamal\NEXUSAITRADING\bot_executor.py", line 266, in start
    self.execute_trading_cycle(
TypeError: NexusTradingBot.execute_trading_cycle() takes from 2 to 3 positional arguments but 4 were given
2025-11-27 16:25:50,190 | ERROR    | NexusBot | Error crítico en loop: NexusTradingBot.execute_trading_cycle() takes from 2 to 3 positional arguments but 4 were given
Traceback (most recent call last):
  File "C:\Users\kamal\NEXUSAITRADING\bot_executor.py", line 266, in start
    self.execute_trading_cycle(
TypeError: NexusTradingBot.execute_trading_cycle() takes from 2 to 3 positional arguments but 4 were given
2025-11-27 16:26:00,225 | ERROR    | NexusBot | Error crítico en loop: NexusTradingBot.execute_trading_cycle() takes from 2 to 3 positional arguments but 4 were given
Traceback (most recent call last):
  File "C:\Users\kamal\NEXUSAITRADING\bot_executor.py", line 266, in start
    self.execute_trading_cycle(
TypeError: NexusTradingBot.execute_trading_cycle() takes from 2 to 3 positional arguments but 4 were given
2025-11-27 16:26:10,260 | ERROR    | NexusBot | Error crítico en loop: NexusTradingBot.execute_trading_cycle() takes from 2 to 3 positional arguments but 4 were given
Traceback (most recent call last):
  File "C:\Users\kamal\NEXUSAITRADING\bot_executor.py", line 266, in start
    self.execute_trading_cycle(
TypeError: NexusTradingBot.execute_trading_cycle() takes from 2 to 3 positional arguments but 4 were given
2025-11-27 16:26:20,311 | ERROR    | NexusBot | Error crítico en loop: NexusTradingBot.execute_trading_cycle() takes from 2 to 3 positional arguments but 4 were given
Traceback (most recent call last):
  File "C:\Users\kamal\NEXUSAITRADING\bot_executor.py", line 266, in start
    users_to_run = [{'email': 'ceo@nexus.com'}]
                   ^^^^^^^^^^^^^^^^^^^^^^^^^^^^
TypeError: NexusTradingBot.execute_trading_cycle() takes from 2 to 3 positional arguments but 4 were given
2025-11-27 16:26:23,409 | INFO     | NexusBot | Deteniendo bot por interrupción del usuario
2025-11-27 16:26:27,758 | INFO     | NexusBot | 🚀 NEXUS TRADING BOT INICIADO
2025-11-27 16:26:27,758 | INFO     | NexusBot | ⏰ Intervalo: 60s
2025-11-27 16:26:27,758 | INFO     | NexusBot | 📈 Timeframe: 5m
2025-11-27 16:26:27,758 | INFO     | NexusBot | ============================================================
2025-11-27 16:26:27,758 | INFO     | NexusBot | 🔄 Ciclo de trading para ceo@nexus.com
2025-11-27 16:26:27,758 | INFO     | NexusBot | ============================================================
2025-11-27 16:26:27,821 | INFO     | NexusBot | 🧪 Modo TESTNET activado
2025-11-27 16:26:32,409 | INFO     | NexusBot | 📊 RSI: 26.30 | Precio: 3,960.00
2025-11-27 16:26:32,409 | INFO     | NexusBot | 🤖 Señal: BUY
2025-11-27 16:26:33,042 | ERROR    | NexusBot | Fondos/Permisos insuficientes. Claves API no válidas.
2025-11-27 16:26:33,042 | ERROR    | NexusBot | ❌ Orden falló: Claves de API no válidas o sin fondos
2025-11-27 16:26:33,042 | INFO     | NexusBot | ⏳ Esperando 60s...
2025-11-27 16:27:33,057 | INFO     | NexusBot | ============================================================
2025-11-27 16:27:33,057 | INFO     | NexusBot | 🔄 Ciclo de trading para ceo@nexus.com
2025-11-27 16:27:33,057 | INFO     | NexusBot | ============================================================
2025-11-27 16:27:33,101 | INFO     | NexusBot | 🧪 Modo TESTNET activado
2025-11-27 16:27:33,393 | INFO     | NexusBot | 📊 RSI: 26.30 | Precio: 3,960.00
2025-11-27 16:27:33,393 | INFO     | NexusBot | 🤖 Señal: BUY
2025-11-27 16:27:34,224 | ERROR    | NexusBot | Fondos/Permisos insuficientes. Claves API no válidas.
2025-11-27 16:27:34,224 | ERROR    | NexusBot | ❌ Orden falló: Claves de API no válidas o sin fondos
2025-11-27 16:27:34,228 | INFO     | NexusBot | ⏳ Esperando 60s...
2025-11-27 16:28:34,229 | INFO     | NexusBot | ============================================================
2025-11-27 16:28:34,230 | INFO     | NexusBot | 🔄 Ciclo de trading para ceo@nexus.com
2025-11-27 16:28:34,233 | INFO     | NexusBot | ============================================================
2025-11-27 16:28:34,350 | INFO     | NexusBot | 🧪 Modo TESTNET activado
2025-11-27 16:28:34,753 | INFO     | NexusBot | 📊 RSI: 26.30 | Precio: 3,960.00
2025-11-27 16:28:34,754 | INFO     | NexusBot | 🤖 Señal: BUY
2025-11-27 16:28:35,954 | ERROR    | NexusBot | Fondos/Permisos insuficientes. Claves API no válidas.
2025-11-27 16:28:35,955 | ERROR    | NexusBot | ❌ Orden falló: Claves de API no válidas o sin fondos
2025-11-27 16:28:35,968 | INFO     | NexusBot | ⏳ Esperando 60s...
2025-11-27 16:29:35,970 | INFO     | NexusBot | ============================================================
2025-11-27 16:29:35,970 | INFO     | NexusBot | 🔄 Ciclo de trading para ceo@nexus.com
2025-11-27 16:29:35,974 | INFO     | NexusBot | ============================================================
2025-11-27 16:29:36,020 | INFO     | NexusBot | 🧪 Modo TESTNET activado
2025-11-27 16:29:36,316 | INFO     | NexusBot | 📊 RSI: 26.30 | Precio: 3,960.00
2025-11-27 16:29:36,316 | INFO     | NexusBot | 🤖 Señal: BUY
2025-11-27 16:29:37,228 | ERROR    | NexusBot | Fondos/Permisos insuficientes. Claves API no válidas.
2025-11-27 16:29:37,228 | ERROR    | NexusBot | ❌ Orden falló: Claves de API no válidas o sin fondos
2025-11-27 16:29:37,239 | INFO     | NexusBot | ⏳ Esperando 60s...
2025-11-27 16:30:37,243 | INFO     | NexusBot | ============================================================
2025-11-27 16:30:37,243 | INFO     | NexusBot | 🔄 Ciclo de trading para ceo@nexus.com
2025-11-27 16:30:37,245 | INFO     | NexusBot | ============================================================
2025-11-27 16:30:37,292 | INFO     | NexusBot | 🧪 Modo TESTNET activado
2025-11-27 16:30:37,588 | INFO     | NexusBot | 📊 RSI: 26.30 | Precio: 3,960.00
2025-11-27 16:30:37,588 | INFO     | NexusBot | 🤖 Señal: BUY
2025-11-27 16:30:38,413 | ERROR    | NexusBot | Fondos/Permisos insuficientes. Claves API no válidas.
2025-11-27 16:30:38,413 | ERROR    | NexusBot | ❌ Orden falló: Claves de API no válidas o sin fondos
2025-11-27 16:30:38,422 | INFO     | NexusBot | ⏳ Esperando 60s...
2025-11-27 16:31:38,425 | INFO     | NexusBot | ============================================================
2025-11-27 16:31:38,425 | INFO     | NexusBot | 🔄 Ciclo de trading para ceo@nexus.com
2025-11-27 16:31:38,427 | INFO     | NexusBot | ============================================================
2025-11-27 16:31:38,472 | INFO     | NexusBot | 🧪 Modo TESTNET activado
2025-11-27 16:31:38,772 | INFO     | NexusBot | 📊 RSI: 26.30 | Precio: 3,960.00
2025-11-27 16:31:38,774 | INFO     | NexusBot | 🤖 Señal: BUY
2025-11-27 16:31:39,946 | ERROR    | NexusBot | Fondos/Permisos insuficientes. Claves API no válidas.
2025-11-27 16:31:39,947 | ERROR    | NexusBot | ❌ Orden falló: Claves de API no válidas o sin fondos
2025-11-27 16:31:39,949 | INFO     | NexusBot | ⏳ Esperando 60s...
2025-11-27 16:32:20,769 | INFO     | NexusBot | ⛔ Deteniendo bot...
2025-11-27 16:32:25,522 | INFO     | NexusBot | 🚀 NEXUS TRADING BOT INICIADO
2025-11-27 16:32:25,522 | INFO     | NexusBot | ⏰ Intervalo: 60s
2025-11-27 16:32:25,522 | INFO     | NexusBot | 📈 Timeframe: 5m
2025-11-27 16:32:25,522 | INFO     | NexusBot | ============================================================
2025-11-27 16:32:25,522 | INFO     | NexusBot | 🔄 Ciclo de trading para ceo@nexus.com
2025-11-27 16:32:25,536 | INFO     | NexusBot | ============================================================
2025-11-27 16:32:25,582 | INFO     | NexusBot | 🧪 Modo TESTNET activado
2025-11-27 16:32:29,787 | INFO     | NexusBot | 📊 RSI: 26.30 | Precio: 3,960.00
2025-11-27 16:32:29,787 | INFO     | NexusBot | 🤖 Señal: BUY
2025-11-27 16:32:30,402 | ERROR    | NexusBot | Fondos/Permisos insuficientes. Claves API no válidas.
2025-11-27 16:32:30,403 | ERROR    | NexusBot | ❌ Orden falló: Claves de API no válidas o sin fondos
2025-11-27 16:32:30,410 | INFO     | NexusBot | ⏳ Esperando 60s...
2025-11-27 16:33:30,414 | INFO     | NexusBot | ============================================================
2025-11-27 16:33:30,414 | INFO     | NexusBot | 🔄 Ciclo de trading para ceo@nexus.com
2025-11-27 16:33:30,415 | INFO     | NexusBot | ============================================================
2025-11-27 16:33:30,474 | INFO     | NexusBot | 🧪 Modo TESTNET activado
2025-11-27 16:33:30,759 | INFO     | NexusBot | 📊 RSI: 26.30 | Precio: 3,960.00
2025-11-27 16:33:30,759 | INFO     | NexusBot | 🤖 Señal: BUY
2025-11-27 16:33:31,483 | ERROR    | NexusBot | Fondos/Permisos insuficientes. Claves API no válidas.
2025-11-27 16:33:31,483 | ERROR    | NexusBot | ❌ Orden falló: Claves de API no válidas o sin fondos
2025-11-27 16:33:31,493 | INFO     | NexusBot | ⏳ Esperando 60s...
2025-11-27 16:34:31,494 | INFO     | NexusBot | ============================================================
2025-11-27 16:34:31,495 | INFO     | NexusBot | 🔄 Ciclo de trading para ceo@nexus.com
2025-11-27 16:34:31,503 | INFO     | NexusBot | ============================================================
2025-11-27 16:34:31,548 | INFO     | NexusBot | 🧪 Modo TESTNET activado
2025-11-27 16:34:31,843 | INFO     | NexusBot | 📊 RSI: 26.30 | Precio: 3,960.00
2025-11-27 16:34:31,843 | INFO     | NexusBot | 🤖 Señal: BUY
2025-11-27 16:34:32,732 | ERROR    | NexusBot | Fondos/Permisos insuficientes. Claves API no válidas.
2025-11-27 16:34:32,733 | ERROR    | NexusBot | ❌ Orden falló: Claves de API no válidas o sin fondos
2025-11-27 16:34:32,735 | INFO     | NexusBot | ⏳ Esperando 60s...
2025-11-27 16:35:32,737 | INFO     | NexusBot | ============================================================
2025-11-27 16:35:32,737 | INFO     | NexusBot | 🔄 Ciclo de trading para ceo@nexus.com
2025-11-27 16:35:32,737 | INFO     | NexusBot | ============================================================
2025-11-27 16:35:32,783 | INFO     | NexusBot | 🧪 Modo TESTNET activado
2025-11-27 16:35:33,063 | INFO     | NexusBot | 📊 RSI: 26.30 | Precio: 3,960.00
2025-11-27 16:35:33,063 | INFO     | NexusBot | 🤖 Señal: BUY
2025-11-27 16:35:33,778 | ERROR    | NexusBot | Fondos/Permisos insuficientes. Claves API no válidas.
2025-11-27 16:35:33,779 | ERROR    | NexusBot | ❌ Orden falló: Claves de API no válidas o sin fondos
2025-11-27 16:35:33,782 | INFO     | NexusBot | ⏳ Esperando 60s...
2025-11-27 16:36:33,784 | INFO     | NexusBot | ============================================================
2025-11-27 16:36:33,784 | INFO     | NexusBot | 🔄 Ciclo de trading para ceo@nexus.com
2025-11-27 16:36:33,784 | INFO     | NexusBot | ============================================================
2025-11-27 16:36:33,828 | INFO     | NexusBot | 🧪 Modo TESTNET activado
2025-11-27 16:36:34,122 | INFO     | NexusBot | 📊 RSI: 26.30 | Precio: 3,960.00
2025-11-27 16:36:34,123 | INFO     | NexusBot | 🤖 Señal: BUY
2025-11-27 16:36:34,982 | ERROR    | NexusBot | Fondos/Permisos insuficientes. Claves API no válidas.
2025-11-27 16:36:34,982 | ERROR    | NexusBot | ❌ Orden falló: Claves de API no válidas o sin fondos
2025-11-27 16:36:34,985 | INFO     | NexusBot | ⏳ Esperando 60s...
2025-11-27 16:37:34,987 | INFO     | NexusBot | ============================================================
2025-11-27 16:37:34,987 | INFO     | NexusBot | 🔄 Ciclo de trading para ceo@nexus.com
2025-11-27 16:37:34,987 | INFO     | NexusBot | ============================================================
2025-11-27 16:37:35,040 | INFO     | NexusBot | 🧪 Modo TESTNET activado
2025-11-27 16:37:35,322 | INFO     | NexusBot | 📊 RSI: 26.30 | Precio: 3,960.00
2025-11-27 16:37:35,322 | INFO     | NexusBot | 🤖 Señal: BUY
2025-11-27 16:37:36,113 | ERROR    | NexusBot | Fondos/Permisos insuficientes. Claves API no válidas.
2025-11-27 16:37:36,113 | ERROR    | NexusBot | ❌ Orden falló: Claves de API no válidas o sin fondos
2025-11-27 16:37:36,117 | INFO     | NexusBot | ⏳ Esperando 60s...
2025-11-27 16:38:36,118 | INFO     | NexusBot | ============================================================
2025-11-27 16:38:36,118 | INFO     | NexusBot | 🔄 Ciclo de trading para ceo@nexus.com
2025-11-27 16:38:36,118 | INFO     | NexusBot | ============================================================
2025-11-27 16:38:36,196 | INFO     | NexusBot | 🧪 Modo TESTNET activado
2025-11-27 16:38:36,529 | INFO     | NexusBot | 📊 RSI: 26.30 | Precio: 3,960.00
2025-11-27 16:38:36,529 | INFO     | NexusBot | 🤖 Señal: BUY
2025-11-27 16:38:37,362 | ERROR    | NexusBot | Fondos/Permisos insuficientes. Claves API no válidas.
2025-11-27 16:38:37,364 | ERROR    | NexusBot | ❌ Orden falló: Claves de API no válidas o sin fondos
2025-11-27 16:38:37,364 | INFO     | NexusBot | ⏳ Esperando 60s...
2025-11-27 16:39:37,374 | INFO     | NexusBot | ============================================================
2025-11-27 16:39:37,374 | INFO     | NexusBot | 🔄 Ciclo de trading para ceo@nexus.com
2025-11-27 16:39:37,376 | INFO     | NexusBot | ============================================================
2025-11-27 16:39:37,413 | INFO     | NexusBot | 🧪 Modo TESTNET activado
2025-11-27 16:39:37,697 | INFO     | NexusBot | 📊 RSI: 26.30 | Precio: 3,960.00
2025-11-27 16:39:37,697 | INFO     | NexusBot | 🤖 Señal: BUY
2025-11-27 16:39:38,484 | ERROR    | NexusBot | Fondos/Permisos insuficientes. Claves API no válidas.
2025-11-27 16:39:38,484 | ERROR    | NexusBot | ❌ Orden falló: Claves de API no válidas o sin fondos
2025-11-27 16:39:38,499 | INFO     | NexusBot | ⏳ Esperando 60s...
2025-11-27 16:40:31,307 | INFO     | NexusBot | ⛔ Deteniendo bot...
